2024-09-30 13:21:45,573 [Worker-6: Loading available Gradle versions] INFO  o.e.b.c.i.u.g.PublishedGradleVersions - Gradle version information cache is up-to-date. Trying to read.
2024-10-05 13:20:28,171 [Worker-4: Loading available Gradle versions] INFO  o.e.b.c.i.u.g.PublishedGradleVersions - Gradle version information cache is out-of-date. Trying to update.
2024-10-05 18:01:21,588 [ModalContext] INFO  o.e.m.c.i.e.AbstractTransferListenerAdapter - Downloading https://repo.maven.apache.org/maven2/org/apache/maven/archetypes/maven-archetype-webapp/1.5/maven-archetype-webapp-1.5.pom
2024-10-05 18:01:21,617 [ModalContext] INFO  o.e.m.c.i.e.AbstractTransferListenerAdapter - Downloaded https://repo.maven.apache.org/maven2/org/apache/maven/archetypes/maven-archetype-webapp/1.5/maven-archetype-webapp-1.5.pom
2024-10-05 18:01:21,707 [ModalContext] INFO  o.e.m.c.i.e.AbstractTransferListenerAdapter - Downloading https://repo.maven.apache.org/maven2/org/apache/maven/archetypes/maven-archetype-bundles/1.5/maven-archetype-bundles-1.5.pom
2024-10-05 18:01:21,731 [ModalContext] INFO  o.e.m.c.i.e.AbstractTransferListenerAdapter - Downloaded https://repo.maven.apache.org/maven2/org/apache/maven/archetypes/maven-archetype-bundles/1.5/maven-archetype-bundles-1.5.pom
2024-10-05 18:01:21,843 [ModalContext] INFO  o.e.m.c.i.e.AbstractTransferListenerAdapter - Downloading https://repo.maven.apache.org/maven2/org/apache/maven/maven-parent/43/maven-parent-43.pom
2024-10-05 18:01:21,959 [ModalContext] INFO  o.e.m.c.i.e.AbstractTransferListenerAdapter - Downloaded https://repo.maven.apache.org/maven2/org/apache/maven/maven-parent/43/maven-parent-43.pom
2024-10-05 18:01:22,027 [ModalContext] INFO  o.e.m.c.i.e.AbstractTransferListenerAdapter - Downloading https://repo.maven.apache.org/maven2/org/apache/apache/33/apache-33.pom
2024-10-05 18:01:22,061 [ModalContext] INFO  o.e.m.c.i.e.AbstractTransferListenerAdapter - Downloaded https://repo.maven.apache.org/maven2/org/apache/apache/33/apache-33.pom
2024-10-05 18:01:22,203 [ModalContext] INFO  o.e.m.c.i.e.AbstractTransferListenerAdapter - Downloading https://repo.maven.apache.org/maven2/org/apache/maven/archetypes/maven-archetype-webapp/1.5/maven-archetype-webapp-1.5.jar
2024-10-05 18:01:22,337 [ModalContext] INFO  o.e.m.c.i.e.AbstractTransferListenerAdapter - Downloaded https://repo.maven.apache.org/maven2/org/apache/maven/archetypes/maven-archetype-webapp/1.5/maven-archetype-webapp-1.5.jar
2024-10-05 18:04:42,945 [Worker-108: Launching mavenrun-52705ba9-89ff-43d6-97a9-1b0126f58493] INFO  o.eclipse.m2e.core.internal.Bundles - getClasspathEntries(Bundle=org.eclipse.m2e.maven.runtime_3.9.700.20240602-2313 [642])
2024-10-05 18:04:42,946 [Worker-108: Launching mavenrun-52705ba9-89ff-43d6-97a9-1b0126f58493] INFO  o.eclipse.m2e.core.internal.Bundles - 	Entry: C:\Users\Rishi's legion\.p2\pool\plugins\org.eclipse.m2e.maven.runtime_3.9.700.20240602-2313
2024-10-05 18:04:42,946 [Worker-108: Launching mavenrun-52705ba9-89ff-43d6-97a9-1b0126f58493] INFO  o.eclipse.m2e.core.internal.Bundles - 	Entry: C:\Users\Rishi's legion\.p2\pool\plugins\org.eclipse.m2e.maven.runtime_3.9.700.20240602-2313\jars\aopalliance-1.0.jar
2024-10-05 18:04:42,947 [Worker-108: Launching mavenrun-52705ba9-89ff-43d6-97a9-1b0126f58493] INFO  o.eclipse.m2e.core.internal.Bundles - 	Entry: C:\Users\Rishi's legion\.p2\pool\plugins\org.eclipse.m2e.maven.runtime_3.9.700.20240602-2313\jars\guice-5.1.0.jar
2024-10-05 18:04:42,947 [Worker-108: Launching mavenrun-52705ba9-89ff-43d6-97a9-1b0126f58493] INFO  o.eclipse.m2e.core.internal.Bundles - 	Entry: C:\Users\Rishi's legion\.p2\pool\plugins\org.eclipse.m2e.maven.runtime_3.9.700.20240602-2313\jars\httpclient-4.5.14.jar
2024-10-05 18:04:42,947 [Worker-108: Launching mavenrun-52705ba9-89ff-43d6-97a9-1b0126f58493] INFO  o.eclipse.m2e.core.internal.Bundles - 	Entry: C:\Users\Rishi's legion\.p2\pool\plugins\org.eclipse.m2e.maven.runtime_3.9.700.20240602-2313\jars\httpcore-4.4.16.jar
2024-10-05 18:04:42,947 [Worker-108: Launching mavenrun-52705ba9-89ff-43d6-97a9-1b0126f58493] INFO  o.eclipse.m2e.core.internal.Bundles - 	Entry: C:\Users\Rishi's legion\.p2\pool\plugins\org.eclipse.m2e.maven.runtime_3.9.700.20240602-2313\jars\jansi-2.4.1.jar
2024-10-05 18:04:42,947 [Worker-108: Launching mavenrun-52705ba9-89ff-43d6-97a9-1b0126f58493] INFO  o.eclipse.m2e.core.internal.Bundles - 	Entry: C:\Users\Rishi's legion\.p2\pool\plugins\org.eclipse.m2e.maven.runtime_3.9.700.20240602-2313\jars\jcl-over-slf4j-1.7.36.jar
2024-10-05 18:04:42,947 [Worker-108: Launching mavenrun-52705ba9-89ff-43d6-97a9-1b0126f58493] INFO  o.eclipse.m2e.core.internal.Bundles - 	Entry: C:\Users\Rishi's legion\.p2\pool\plugins\org.eclipse.m2e.maven.runtime_3.9.700.20240602-2313\jars\maven-artifact-3.9.7.jar
2024-10-05 18:04:42,947 [Worker-108: Launching mavenrun-52705ba9-89ff-43d6-97a9-1b0126f58493] INFO  o.eclipse.m2e.core.internal.Bundles - 	Entry: C:\Users\Rishi's legion\.p2\pool\plugins\org.eclipse.m2e.maven.runtime_3.9.700.20240602-2313\jars\maven-builder-support-3.9.7.jar
2024-10-05 18:04:42,947 [Worker-108: Launching mavenrun-52705ba9-89ff-43d6-97a9-1b0126f58493] INFO  o.eclipse.m2e.core.internal.Bundles - 	Entry: C:\Users\Rishi's legion\.p2\pool\plugins\org.eclipse.m2e.maven.runtime_3.9.700.20240602-2313\jars\maven-compat-3.9.7.jar
2024-10-05 18:04:42,948 [Worker-108: Launching mavenrun-52705ba9-89ff-43d6-97a9-1b0126f58493] INFO  o.eclipse.m2e.core.internal.Bundles - 	Entry: C:\Users\Rishi's legion\.p2\pool\plugins\org.eclipse.m2e.maven.runtime_3.9.700.20240602-2313\jars\maven-core-3.9.7.jar
2024-10-05 18:04:42,948 [Worker-108: Launching mavenrun-52705ba9-89ff-43d6-97a9-1b0126f58493] INFO  o.eclipse.m2e.core.internal.Bundles - 	Entry: C:\Users\Rishi's legion\.p2\pool\plugins\org.eclipse.m2e.maven.runtime_3.9.700.20240602-2313\jars\maven-embedder-3.9.7.jar
2024-10-05 18:04:42,948 [Worker-108: Launching mavenrun-52705ba9-89ff-43d6-97a9-1b0126f58493] INFO  o.eclipse.m2e.core.internal.Bundles - 	Entry: C:\Users\Rishi's legion\.p2\pool\plugins\org.eclipse.m2e.maven.runtime_3.9.700.20240602-2313\jars\maven-model-3.9.7.jar
2024-10-05 18:04:42,948 [Worker-108: Launching mavenrun-52705ba9-89ff-43d6-97a9-1b0126f58493] INFO  o.eclipse.m2e.core.internal.Bundles - 	Entry: C:\Users\Rishi's legion\.p2\pool\plugins\org.eclipse.m2e.maven.runtime_3.9.700.20240602-2313\jars\maven-model-builder-3.9.7.jar
2024-10-05 18:04:42,948 [Worker-108: Launching mavenrun-52705ba9-89ff-43d6-97a9-1b0126f58493] INFO  o.eclipse.m2e.core.internal.Bundles - 	Entry: C:\Users\Rishi's legion\.p2\pool\plugins\org.eclipse.m2e.maven.runtime_3.9.700.20240602-2313\jars\maven-plugin-api-3.9.7.jar
2024-10-05 18:04:42,948 [Worker-108: Launching mavenrun-52705ba9-89ff-43d6-97a9-1b0126f58493] INFO  o.eclipse.m2e.core.internal.Bundles - 	Entry: C:\Users\Rishi's legion\.p2\pool\plugins\org.eclipse.m2e.maven.runtime_3.9.700.20240602-2313\jars\maven-repository-metadata-3.9.7.jar
2024-10-05 18:04:42,948 [Worker-108: Launching mavenrun-52705ba9-89ff-43d6-97a9-1b0126f58493] INFO  o.eclipse.m2e.core.internal.Bundles - 	Entry: C:\Users\Rishi's legion\.p2\pool\plugins\org.eclipse.m2e.maven.runtime_3.9.700.20240602-2313\jars\maven-resolver-api-1.9.20.jar
2024-10-05 18:04:42,948 [Worker-108: Launching mavenrun-52705ba9-89ff-43d6-97a9-1b0126f58493] INFO  o.eclipse.m2e.core.internal.Bundles - 	Entry: C:\Users\Rishi's legion\.p2\pool\plugins\org.eclipse.m2e.maven.runtime_3.9.700.20240602-2313\jars\maven-resolver-connector-basic-1.9.20.jar
2024-10-05 18:04:42,949 [Worker-108: Launching mavenrun-52705ba9-89ff-43d6-97a9-1b0126f58493] INFO  o.eclipse.m2e.core.internal.Bundles - 	Entry: C:\Users\Rishi's legion\.p2\pool\plugins\org.eclipse.m2e.maven.runtime_3.9.700.20240602-2313\jars\maven-resolver-impl-1.9.20.jar
2024-10-05 18:04:42,949 [Worker-108: Launching mavenrun-52705ba9-89ff-43d6-97a9-1b0126f58493] INFO  o.eclipse.m2e.core.internal.Bundles - 	Entry: C:\Users\Rishi's legion\.p2\pool\plugins\org.eclipse.m2e.maven.runtime_3.9.700.20240602-2313\jars\maven-resolver-named-locks-1.9.20.jar
2024-10-05 18:04:42,949 [Worker-108: Launching mavenrun-52705ba9-89ff-43d6-97a9-1b0126f58493] INFO  o.eclipse.m2e.core.internal.Bundles - 	Entry: C:\Users\Rishi's legion\.p2\pool\plugins\org.eclipse.m2e.maven.runtime_3.9.700.20240602-2313\jars\maven-resolver-provider-3.9.7.jar
2024-10-05 18:04:42,949 [Worker-108: Launching mavenrun-52705ba9-89ff-43d6-97a9-1b0126f58493] INFO  o.eclipse.m2e.core.internal.Bundles - 	Entry: C:\Users\Rishi's legion\.p2\pool\plugins\org.eclipse.m2e.maven.runtime_3.9.700.20240602-2313\jars\maven-resolver-spi-1.9.20.jar
2024-10-05 18:04:42,949 [Worker-108: Launching mavenrun-52705ba9-89ff-43d6-97a9-1b0126f58493] INFO  o.eclipse.m2e.core.internal.Bundles - 	Entry: C:\Users\Rishi's legion\.p2\pool\plugins\org.eclipse.m2e.maven.runtime_3.9.700.20240602-2313\jars\maven-resolver-transport-file-1.9.20.jar
2024-10-05 18:04:42,949 [Worker-108: Launching mavenrun-52705ba9-89ff-43d6-97a9-1b0126f58493] INFO  o.eclipse.m2e.core.internal.Bundles - 	Entry: C:\Users\Rishi's legion\.p2\pool\plugins\org.eclipse.m2e.maven.runtime_3.9.700.20240602-2313\jars\maven-resolver-transport-http-1.9.20.jar
2024-10-05 18:04:42,949 [Worker-108: Launching mavenrun-52705ba9-89ff-43d6-97a9-1b0126f58493] INFO  o.eclipse.m2e.core.internal.Bundles - 	Entry: C:\Users\Rishi's legion\.p2\pool\plugins\org.eclipse.m2e.maven.runtime_3.9.700.20240602-2313\jars\maven-resolver-transport-wagon-1.9.20.jar
2024-10-05 18:04:42,949 [Worker-108: Launching mavenrun-52705ba9-89ff-43d6-97a9-1b0126f58493] INFO  o.eclipse.m2e.core.internal.Bundles - 	Entry: C:\Users\Rishi's legion\.p2\pool\plugins\org.eclipse.m2e.maven.runtime_3.9.700.20240602-2313\jars\maven-resolver-util-1.9.20.jar
2024-10-05 18:04:42,949 [Worker-108: Launching mavenrun-52705ba9-89ff-43d6-97a9-1b0126f58493] INFO  o.eclipse.m2e.core.internal.Bundles - 	Entry: C:\Users\Rishi's legion\.p2\pool\plugins\org.eclipse.m2e.maven.runtime_3.9.700.20240602-2313\jars\maven-settings-3.9.7.jar
2024-10-05 18:04:42,950 [Worker-108: Launching mavenrun-52705ba9-89ff-43d6-97a9-1b0126f58493] INFO  o.eclipse.m2e.core.internal.Bundles - 	Entry: C:\Users\Rishi's legion\.p2\pool\plugins\org.eclipse.m2e.maven.runtime_3.9.700.20240602-2313\jars\maven-settings-builder-3.9.7.jar
2024-10-05 18:04:42,950 [Worker-108: Launching mavenrun-52705ba9-89ff-43d6-97a9-1b0126f58493] INFO  o.eclipse.m2e.core.internal.Bundles - 	Entry: C:\Users\Rishi's legion\.p2\pool\plugins\org.eclipse.m2e.maven.runtime_3.9.700.20240602-2313\jars\maven-shared-utils-3.4.2.jar
2024-10-05 18:04:42,950 [Worker-108: Launching mavenrun-52705ba9-89ff-43d6-97a9-1b0126f58493] INFO  o.eclipse.m2e.core.internal.Bundles - 	Entry: C:\Users\Rishi's legion\.p2\pool\plugins\org.eclipse.m2e.maven.runtime_3.9.700.20240602-2313\jars\org.eclipse.sisu.inject-0.9.0.M2.jar
2024-10-05 18:04:42,950 [Worker-108: Launching mavenrun-52705ba9-89ff-43d6-97a9-1b0126f58493] INFO  o.eclipse.m2e.core.internal.Bundles - 	Entry: C:\Users\Rishi's legion\.p2\pool\plugins\org.eclipse.m2e.maven.runtime_3.9.700.20240602-2313\jars\org.eclipse.sisu.plexus-0.9.0.M2.jar
2024-10-05 18:04:42,950 [Worker-108: Launching mavenrun-52705ba9-89ff-43d6-97a9-1b0126f58493] INFO  o.eclipse.m2e.core.internal.Bundles - 	Entry: C:\Users\Rishi's legion\.p2\pool\plugins\org.eclipse.m2e.maven.runtime_3.9.700.20240602-2313\jars\plexus-build-api-0.0.7.jar
2024-10-05 18:04:42,950 [Worker-108: Launching mavenrun-52705ba9-89ff-43d6-97a9-1b0126f58493] INFO  o.eclipse.m2e.core.internal.Bundles - 	Entry: C:\Users\Rishi's legion\.p2\pool\plugins\org.eclipse.m2e.maven.runtime_3.9.700.20240602-2313\jars\plexus-build-api-1.2.0.jar
2024-10-05 18:04:42,950 [Worker-108: Launching mavenrun-52705ba9-89ff-43d6-97a9-1b0126f58493] INFO  o.eclipse.m2e.core.internal.Bundles - 	Entry: C:\Users\Rishi's legion\.p2\pool\plugins\org.eclipse.m2e.maven.runtime_3.9.700.20240602-2313\jars\plexus-cipher-2.0.jar
2024-10-05 18:04:42,951 [Worker-108: Launching mavenrun-52705ba9-89ff-43d6-97a9-1b0126f58493] INFO  o.eclipse.m2e.core.internal.Bundles - 	Entry: C:\Users\Rishi's legion\.p2\pool\plugins\org.eclipse.m2e.maven.runtime_3.9.700.20240602-2313\jars\plexus-classworlds-2.8.0.jar
2024-10-05 18:04:42,951 [Worker-108: Launching mavenrun-52705ba9-89ff-43d6-97a9-1b0126f58493] INFO  o.eclipse.m2e.core.internal.Bundles - 	Entry: C:\Users\Rishi's legion\.p2\pool\plugins\org.eclipse.m2e.maven.runtime_3.9.700.20240602-2313\jars\plexus-component-annotations-2.1.0.jar
2024-10-05 18:04:42,951 [Worker-108: Launching mavenrun-52705ba9-89ff-43d6-97a9-1b0126f58493] INFO  o.eclipse.m2e.core.internal.Bundles - 	Entry: C:\Users\Rishi's legion\.p2\pool\plugins\org.eclipse.m2e.maven.runtime_3.9.700.20240602-2313\jars\plexus-interpolation-1.27.jar
2024-10-05 18:04:42,951 [Worker-108: Launching mavenrun-52705ba9-89ff-43d6-97a9-1b0126f58493] INFO  o.eclipse.m2e.core.internal.Bundles - 	Entry: C:\Users\Rishi's legion\.p2\pool\plugins\org.eclipse.m2e.maven.runtime_3.9.700.20240602-2313\jars\plexus-sec-dispatcher-2.0.jar
2024-10-05 18:04:42,951 [Worker-108: Launching mavenrun-52705ba9-89ff-43d6-97a9-1b0126f58493] INFO  o.eclipse.m2e.core.internal.Bundles - 	Entry: C:\Users\Rishi's legion\.p2\pool\plugins\org.eclipse.m2e.maven.runtime_3.9.700.20240602-2313\jars\plexus-utils-3.5.1.jar
2024-10-05 18:04:42,951 [Worker-108: Launching mavenrun-52705ba9-89ff-43d6-97a9-1b0126f58493] INFO  o.eclipse.m2e.core.internal.Bundles - 	Entry: C:\Users\Rishi's legion\.p2\pool\plugins\org.eclipse.m2e.maven.runtime_3.9.700.20240602-2313\jars\wagon-file-3.5.3.jar
2024-10-05 18:04:42,952 [Worker-108: Launching mavenrun-52705ba9-89ff-43d6-97a9-1b0126f58493] INFO  o.eclipse.m2e.core.internal.Bundles - 	Entry: C:\Users\Rishi's legion\.p2\pool\plugins\org.eclipse.m2e.maven.runtime_3.9.700.20240602-2313\jars\wagon-http-3.5.3.jar
2024-10-05 18:04:42,952 [Worker-108: Launching mavenrun-52705ba9-89ff-43d6-97a9-1b0126f58493] INFO  o.eclipse.m2e.core.internal.Bundles - 	Entry: C:\Users\Rishi's legion\.p2\pool\plugins\org.eclipse.m2e.maven.runtime_3.9.700.20240602-2313\jars\wagon-http-shared-3.5.3.jar
2024-10-05 18:04:42,952 [Worker-108: Launching mavenrun-52705ba9-89ff-43d6-97a9-1b0126f58493] INFO  o.eclipse.m2e.core.internal.Bundles - 	Entry: C:\Users\Rishi's legion\.p2\pool\plugins\org.eclipse.m2e.maven.runtime_3.9.700.20240602-2313\jars\wagon-provider-api-3.5.3.jar
2024-10-05 18:04:42,954 [Worker-108: Launching mavenrun-52705ba9-89ff-43d6-97a9-1b0126f58493] INFO  o.eclipse.m2e.core.internal.Bundles - getClasspathEntries(Bundle=com.google.guava_33.2.0.jre [16])
2024-10-05 18:04:42,954 [Worker-108: Launching mavenrun-52705ba9-89ff-43d6-97a9-1b0126f58493] INFO  o.eclipse.m2e.core.internal.Bundles - 	Entry: C:\Users\Rishi's legion\.p2\pool\plugins\com.google.guava_33.2.0.jre.jar
2024-10-05 18:04:42,954 [Worker-108: Launching mavenrun-52705ba9-89ff-43d6-97a9-1b0126f58493] INFO  o.eclipse.m2e.core.internal.Bundles - getClasspathEntries(Bundle=slf4j.api_2.0.16 [1007])
2024-10-05 18:04:42,954 [Worker-108: Launching mavenrun-52705ba9-89ff-43d6-97a9-1b0126f58493] INFO  o.eclipse.m2e.core.internal.Bundles - 	Entry: C:\Users\Rishi's legion\.p2\pool\plugins\slf4j.api_2.0.16.jar
2024-10-05 18:04:42,954 [Worker-108: Launching mavenrun-52705ba9-89ff-43d6-97a9-1b0126f58493] INFO  o.eclipse.m2e.core.internal.Bundles - getClasspathEntries(Bundle=jakarta.inject.jakarta.inject-api_1.0.5 [33])
2024-10-05 18:04:42,955 [Worker-108: Launching mavenrun-52705ba9-89ff-43d6-97a9-1b0126f58493] INFO  o.eclipse.m2e.core.internal.Bundles - 	Entry: C:\Users\Rishi's legion\.p2\pool\plugins\jakarta.inject.jakarta.inject-api_1.0.5.jar
2024-10-05 18:04:42,955 [Worker-108: Launching mavenrun-52705ba9-89ff-43d6-97a9-1b0126f58493] INFO  o.eclipse.m2e.core.internal.Bundles - getClasspathEntries(Bundle=javax.annotation_1.3.5.v20200909-1856 [44])
2024-10-05 18:04:42,955 [Worker-108: Launching mavenrun-52705ba9-89ff-43d6-97a9-1b0126f58493] INFO  o.eclipse.m2e.core.internal.Bundles - 	Entry: C:\Users\Rishi's legion\.p2\pool\plugins\javax.annotation_1.3.5.v20200909-1856.jar
2024-10-05 18:04:42,955 [Worker-108: Launching mavenrun-52705ba9-89ff-43d6-97a9-1b0126f58493] INFO  o.eclipse.m2e.core.internal.Bundles - getClasspathEntries(Bundle=org.apache.commons.cli_1.8.0 [78])
2024-10-05 18:04:42,955 [Worker-108: Launching mavenrun-52705ba9-89ff-43d6-97a9-1b0126f58493] INFO  o.eclipse.m2e.core.internal.Bundles - 	Entry: C:\Users\Rishi's legion\.p2\pool\plugins\org.apache.commons.cli_1.8.0.jar
2024-10-05 18:04:42,955 [Worker-108: Launching mavenrun-52705ba9-89ff-43d6-97a9-1b0126f58493] INFO  o.eclipse.m2e.core.internal.Bundles - getClasspathEntries(Bundle=org.apache.commons.commons-codec_1.16.0 [81])
2024-10-05 18:04:42,956 [Worker-108: Launching mavenrun-52705ba9-89ff-43d6-97a9-1b0126f58493] INFO  o.eclipse.m2e.core.internal.Bundles - 	Entry: C:\Users\Rishi's legion\.p2\pool\plugins\org.apache.commons.commons-codec_1.16.0.jar
2024-10-05 18:04:42,956 [Worker-108: Launching mavenrun-52705ba9-89ff-43d6-97a9-1b0126f58493] INFO  o.eclipse.m2e.core.internal.Bundles - getClasspathEntries(Bundle=org.apache.commons.lang3_3.14.0 [89])
2024-10-05 18:04:42,956 [Worker-108: Launching mavenrun-52705ba9-89ff-43d6-97a9-1b0126f58493] INFO  o.eclipse.m2e.core.internal.Bundles - 	Entry: C:\Users\Rishi's legion\.p2\pool\plugins\org.apache.commons.lang3_3.14.0.jar
2024-10-05 18:04:42,956 [Worker-108: Launching mavenrun-52705ba9-89ff-43d6-97a9-1b0126f58493] INFO  o.eclipse.m2e.core.internal.Bundles - getClasspathEntries(Bundle=com.google.guava.failureaccess_1.0.2 [17])
2024-10-05 18:04:42,956 [Worker-108: Launching mavenrun-52705ba9-89ff-43d6-97a9-1b0126f58493] INFO  o.eclipse.m2e.core.internal.Bundles - 	Entry: C:\Users\Rishi's legion\.p2\pool\plugins\com.google.guava.failureaccess_1.0.2.jar
2024-10-05 18:04:42,958 [Worker-108: Launching mavenrun-52705ba9-89ff-43d6-97a9-1b0126f58493] INFO  o.e.m.i.launch.MavenLaunchDelegate - Run build in "C:\Users\RISHI'~1\AppData\Local\Temp\m2e-archetypeGenerator16419926770763531536":
2024-10-05 18:04:42,959 [Worker-108: Launching mavenrun-52705ba9-89ff-43d6-97a9-1b0126f58493] INFO  o.e.m.i.launch.MavenLaunchDelegate -  mvn  -DarchetypeGroupId=org.apache.maven.archetypes -DarchetypeArtifactId=maven-archetype-webapp -DarchetypeVersion=1.5 -DgroupId=Learning_How_To_Make_Maven_Project -DartifactId=import_class_from_into_JSP_file -Dversion=0.0.1-SNAPSHOT -Dpackage=Learning_How_To_Make_Maven_Project.import_class_from_into_JSP_file -DoutputDirectory=D:\Learning-Projects -Dstyle.color=always -U archetype:generate
2024-10-05 18:05:15,503 [Worker-106: Creating maven-archetype-webapp] INFO  o.e.m.c.i.p.ProjectConfigurationManager - Collecting project info '/pom.xml' D:\Learning-Projects\import_class_from_into_JSP_file\pom.xml
2024-10-05 18:05:15,942 [Worker-106: Creating maven-archetype-webapp] INFO  o.e.m.c.i.e.AbstractTransferListenerAdapter - Downloading https://repo.maven.apache.org/maven2/org/apache/maven/plugins/maven-clean-plugin/3.4.0/maven-clean-plugin-3.4.0.jar
2024-10-05 18:05:16,183 [Worker-106: Creating maven-archetype-webapp] INFO  o.e.m.c.i.e.AbstractTransferListenerAdapter - Downloaded https://repo.maven.apache.org/maven2/org/apache/maven/plugins/maven-clean-plugin/3.4.0/maven-clean-plugin-3.4.0.jar
2024-10-05 18:05:16,569 [Worker-106: Creating maven-archetype-webapp] INFO  o.e.m.c.i.e.AbstractTransferListenerAdapter - Downloading https://repo.maven.apache.org/maven2/org/apache/maven/plugins/maven-surefire-plugin/3.3.0/maven-surefire-plugin-3.3.0.jar
2024-10-05 18:05:16,733 [Worker-106: Creating maven-archetype-webapp] INFO  o.e.m.c.i.e.AbstractTransferListenerAdapter - Downloaded https://repo.maven.apache.org/maven2/org/apache/maven/plugins/maven-surefire-plugin/3.3.0/maven-surefire-plugin-3.3.0.jar
2024-10-05 18:05:16,908 [Worker-106: Creating maven-archetype-webapp] INFO  o.e.m.c.i.e.AbstractTransferListenerAdapter - Downloading https://repo.maven.apache.org/maven2/org/apache/maven/plugins/maven-war-plugin/3.4.0/maven-war-plugin-3.4.0.jar
2024-10-05 18:05:17,009 [Worker-106: Creating maven-archetype-webapp] INFO  o.e.m.c.i.e.AbstractTransferListenerAdapter - Downloaded https://repo.maven.apache.org/maven2/org/apache/maven/plugins/maven-war-plugin/3.4.0/maven-war-plugin-3.4.0.jar
2024-10-05 18:05:18,392 [Worker-106: Creating maven-archetype-webapp] INFO  o.e.m.c.i.l.LifecycleMappingFactory - Using org.maven.ide.eclipse.wtp.WarLifecycleMapping lifecycle mapping for MavenProject: Learning_How_To_Make_Maven_Project:import_class_from_into_JSP_file:0.0.1-SNAPSHOT @ D:\Learning-Projects\import_class_from_into_JSP_file\pom.xml.
2024-10-05 18:05:18,454 [Worker-106: Creating maven-archetype-webapp] INFO  o.e.m.c.i.e.AbstractTransferListenerAdapter - Downloading https://repo.maven.apache.org/maven2/junit/junit/4.13.1/junit-4.13.1.pom
2024-10-05 18:05:18,485 [Worker-106: Creating maven-archetype-webapp] INFO  o.e.m.c.i.e.AbstractTransferListenerAdapter - Downloaded https://repo.maven.apache.org/maven2/junit/junit/4.13.1/junit-4.13.1.pom
2024-10-05 18:05:18,617 [Worker-106: Creating maven-archetype-webapp] INFO  o.e.m.c.i.e.AbstractTransferListenerAdapter - Downloading https://repo.maven.apache.org/maven2/org/hamcrest/hamcrest-core/1.3/hamcrest-core-1.3.pom
2024-10-05 18:05:18,636 [Worker-106: Creating maven-archetype-webapp] INFO  o.e.m.c.i.e.AbstractTransferListenerAdapter - Downloaded https://repo.maven.apache.org/maven2/org/hamcrest/hamcrest-core/1.3/hamcrest-core-1.3.pom
2024-10-05 18:05:18,706 [Worker-106: Creating maven-archetype-webapp] INFO  o.e.m.c.i.e.AbstractTransferListenerAdapter - Downloading https://repo.maven.apache.org/maven2/org/hamcrest/hamcrest-parent/1.3/hamcrest-parent-1.3.pom
2024-10-05 18:05:18,726 [Worker-106: Creating maven-archetype-webapp] INFO  o.e.m.c.i.e.AbstractTransferListenerAdapter - Downloaded https://repo.maven.apache.org/maven2/org/hamcrest/hamcrest-parent/1.3/hamcrest-parent-1.3.pom
2024-10-05 18:05:18,801 [Worker-106: Creating maven-archetype-webapp] INFO  o.e.m.c.i.e.AbstractTransferListenerAdapter - Downloading https://repo.maven.apache.org/maven2/junit/junit/4.13.1/junit-4.13.1.jar
2024-10-05 18:05:18,962 [Worker-106: Creating maven-archetype-webapp] INFO  o.e.m.c.i.e.AbstractTransferListenerAdapter - Downloaded https://repo.maven.apache.org/maven2/junit/junit/4.13.1/junit-4.13.1.jar
2024-10-05 18:05:19,070 [BasicRepositoryConnector-repo.maven.apache.org-0-0] INFO  o.e.m.c.i.e.AbstractTransferListenerAdapter - Downloading https://repo.maven.apache.org/maven2/org/hamcrest/hamcrest-core/1.3/hamcrest-core-1.3.jar
2024-10-05 18:05:19,580 [BasicRepositoryConnector-repo.maven.apache.org-0-0] INFO  o.e.m.c.i.e.AbstractTransferListenerAdapter - Downloaded https://repo.maven.apache.org/maven2/org/hamcrest/hamcrest-core/1.3/hamcrest-core-1.3.jar
2024-10-05 18:05:19,755 [Worker-106: Creating maven-archetype-webapp] INFO  o.e.m.c.i.e.AbstractTransferListenerAdapter - Downloading https://repo.maven.apache.org/maven2/org/apache/maven/plugins/maven-surefire-plugin/3.3.0/maven-surefire-plugin-3.3.0.pom
2024-10-05 18:05:19,774 [Worker-106: Creating maven-archetype-webapp] INFO  o.e.m.c.i.e.AbstractTransferListenerAdapter - Downloaded https://repo.maven.apache.org/maven2/org/apache/maven/plugins/maven-surefire-plugin/3.3.0/maven-surefire-plugin-3.3.0.pom
2024-10-05 18:05:19,866 [Worker-106: Creating maven-archetype-webapp] INFO  o.e.m.c.i.e.AbstractTransferListenerAdapter - Downloading https://repo.maven.apache.org/maven2/org/apache/maven/surefire/surefire/3.3.0/surefire-3.3.0.pom
2024-10-05 18:05:19,890 [Worker-106: Creating maven-archetype-webapp] INFO  o.e.m.c.i.e.AbstractTransferListenerAdapter - Downloaded https://repo.maven.apache.org/maven2/org/apache/maven/surefire/surefire/3.3.0/surefire-3.3.0.pom
2024-10-05 18:05:20,028 [Worker-106: Creating maven-archetype-webapp] INFO  o.e.m.c.i.e.AbstractTransferListenerAdapter - Downloading https://repo.maven.apache.org/maven2/org/apache/maven/plugins/maven-war-plugin/3.4.0/maven-war-plugin-3.4.0.pom
2024-10-05 18:05:20,048 [Worker-106: Creating maven-archetype-webapp] INFO  o.e.m.c.i.e.AbstractTransferListenerAdapter - Downloaded https://repo.maven.apache.org/maven2/org/apache/maven/plugins/maven-war-plugin/3.4.0/maven-war-plugin-3.4.0.pom
2024-10-05 18:05:20,358 [Worker-106: Creating maven-archetype-webapp] INFO  o.e.m.c.i.e.AbstractTransferListenerAdapter - Downloading https://repo.maven.apache.org/maven2/commons-io/commons-io/2.13.0/commons-io-2.13.0.pom
2024-10-05 18:05:20,380 [Worker-106: Creating maven-archetype-webapp] INFO  o.e.m.c.i.e.AbstractTransferListenerAdapter - Downloaded https://repo.maven.apache.org/maven2/commons-io/commons-io/2.13.0/commons-io-2.13.0.pom
2024-10-05 18:05:20,470 [Worker-106: Creating maven-archetype-webapp] INFO  o.e.m.c.i.e.AbstractTransferListenerAdapter - Downloading https://repo.maven.apache.org/maven2/org/apache/commons/commons-parent/58/commons-parent-58.pom
2024-10-05 18:05:20,537 [Worker-106: Creating maven-archetype-webapp] INFO  o.e.m.c.i.e.AbstractTransferListenerAdapter - Downloaded https://repo.maven.apache.org/maven2/org/apache/commons/commons-parent/58/commons-parent-58.pom
2024-10-05 18:05:20,630 [Worker-106: Creating maven-archetype-webapp] INFO  o.e.m.c.i.e.AbstractTransferListenerAdapter - Downloading https://repo.maven.apache.org/maven2/org/codehaus/plexus/plexus-archiver/4.7.1/plexus-archiver-4.7.1.pom
2024-10-05 18:05:20,649 [Worker-106: Creating maven-archetype-webapp] INFO  o.e.m.c.i.e.AbstractTransferListenerAdapter - Downloaded https://repo.maven.apache.org/maven2/org/codehaus/plexus/plexus-archiver/4.7.1/plexus-archiver-4.7.1.pom
2024-10-05 18:05:20,776 [Worker-106: Creating maven-archetype-webapp] INFO  o.e.m.c.i.e.AbstractTransferListenerAdapter - Downloading https://repo.maven.apache.org/maven2/org/codehaus/plexus/plexus-io/3.4.1/plexus-io-3.4.1.pom
2024-10-05 18:05:20,794 [Worker-106: Creating maven-archetype-webapp] INFO  o.e.m.c.i.e.AbstractTransferListenerAdapter - Downloaded https://repo.maven.apache.org/maven2/org/codehaus/plexus/plexus-io/3.4.1/plexus-io-3.4.1.pom
2024-10-05 18:05:20,871 [Worker-106: Creating maven-archetype-webapp] INFO  o.e.m.c.i.e.AbstractTransferListenerAdapter - Downloading https://repo.maven.apache.org/maven2/org/apache/commons/commons-compress/1.23.0/commons-compress-1.23.0.pom
2024-10-05 18:05:20,894 [Worker-106: Creating maven-archetype-webapp] INFO  o.e.m.c.i.e.AbstractTransferListenerAdapter - Downloaded https://repo.maven.apache.org/maven2/org/apache/commons/commons-compress/1.23.0/commons-compress-1.23.0.pom
2024-10-05 18:05:20,991 [Worker-106: Creating maven-archetype-webapp] INFO  o.e.m.c.i.e.AbstractTransferListenerAdapter - Downloading https://repo.maven.apache.org/maven2/org/apache/commons/commons-parent/56/commons-parent-56.pom
2024-10-05 18:05:21,026 [Worker-106: Creating maven-archetype-webapp] INFO  o.e.m.c.i.e.AbstractTransferListenerAdapter - Downloaded https://repo.maven.apache.org/maven2/org/apache/commons/commons-parent/56/commons-parent-56.pom
2024-10-05 18:05:21,153 [Worker-106: Creating maven-archetype-webapp] INFO  o.e.m.c.i.e.AbstractTransferListenerAdapter - Downloading https://repo.maven.apache.org/maven2/com/github/luben/zstd-jni/1.5.5-2/zstd-jni-1.5.5-2.pom
2024-10-05 18:05:21,173 [Worker-106: Creating maven-archetype-webapp] INFO  o.e.m.c.i.e.AbstractTransferListenerAdapter - Downloaded https://repo.maven.apache.org/maven2/com/github/luben/zstd-jni/1.5.5-2/zstd-jni-1.5.5-2.pom
2024-10-05 18:05:21,350 [Worker-106: Creating maven-archetype-webapp] INFO  o.e.m.c.i.e.AbstractTransferListenerAdapter - Downloading https://repo.maven.apache.org/maven2/org/apache/maven/shared/maven-mapping/3.0.0/maven-mapping-3.0.0.pom
2024-10-05 18:05:21,370 [Worker-106: Creating maven-archetype-webapp] INFO  o.e.m.c.i.e.AbstractTransferListenerAdapter - Downloaded https://repo.maven.apache.org/maven2/org/apache/maven/shared/maven-mapping/3.0.0/maven-mapping-3.0.0.pom
2024-10-05 18:05:21,498 [Worker-106: Creating maven-archetype-webapp] INFO  o.e.m.c.i.e.AbstractTransferListenerAdapter - Downloading https://repo.maven.apache.org/maven2/org/apache/maven/shared/maven-shared-components/22/maven-shared-components-22.pom
2024-10-05 18:05:21,518 [Worker-106: Creating maven-archetype-webapp] INFO  o.e.m.c.i.e.AbstractTransferListenerAdapter - Downloaded https://repo.maven.apache.org/maven2/org/apache/maven/shared/maven-shared-components/22/maven-shared-components-22.pom
2024-10-05 18:05:21,591 [Worker-106: Creating maven-archetype-webapp] INFO  o.e.m.c.i.e.AbstractTransferListenerAdapter - Downloading https://repo.maven.apache.org/maven2/org/apache/maven/maven-parent/27/maven-parent-27.pom
2024-10-05 18:05:21,616 [Worker-106: Creating maven-archetype-webapp] INFO  o.e.m.c.i.e.AbstractTransferListenerAdapter - Downloaded https://repo.maven.apache.org/maven2/org/apache/maven/maven-parent/27/maven-parent-27.pom
2024-10-05 18:05:21,690 [Worker-106: Creating maven-archetype-webapp] INFO  o.e.m.c.i.e.AbstractTransferListenerAdapter - Downloading https://repo.maven.apache.org/maven2/org/apache/apache/17/apache-17.pom
2024-10-05 18:05:21,713 [Worker-106: Creating maven-archetype-webapp] INFO  o.e.m.c.i.e.AbstractTransferListenerAdapter - Downloaded https://repo.maven.apache.org/maven2/org/apache/apache/17/apache-17.pom
2024-10-05 18:05:22,230 [Worker-106: Creating maven-archetype-webapp] INFO  o.e.m.c.i.e.AbstractTransferListenerAdapter - Downloading https://repo.maven.apache.org/maven2/org/codehaus/plexus/plexus-component-annotations/1.5.4/plexus-component-annotations-1.5.4.pom
2024-10-05 18:05:22,251 [Worker-106: Creating maven-archetype-webapp] INFO  o.e.m.c.i.e.AbstractTransferListenerAdapter - Downloaded https://repo.maven.apache.org/maven2/org/codehaus/plexus/plexus-component-annotations/1.5.4/plexus-component-annotations-1.5.4.pom
2024-10-05 18:05:22,354 [Worker-106: Creating maven-archetype-webapp] INFO  o.e.m.c.i.e.AbstractTransferListenerAdapter - Downloading https://repo.maven.apache.org/maven2/org/codehaus/plexus/plexus-containers/1.5.4/plexus-containers-1.5.4.pom
2024-10-05 18:05:22,376 [Worker-106: Creating maven-archetype-webapp] INFO  o.e.m.c.i.e.AbstractTransferListenerAdapter - Downloaded https://repo.maven.apache.org/maven2/org/codehaus/plexus/plexus-containers/1.5.4/plexus-containers-1.5.4.pom
2024-10-05 18:05:22,488 [Worker-106: Creating maven-archetype-webapp] INFO  o.e.m.c.i.e.AbstractTransferListenerAdapter - Downloading https://repo.maven.apache.org/maven2/org/codehaus/plexus/plexus/2.0.5/plexus-2.0.5.pom
2024-10-05 18:05:22,512 [Worker-106: Creating maven-archetype-webapp] INFO  o.e.m.c.i.e.AbstractTransferListenerAdapter - Downloaded https://repo.maven.apache.org/maven2/org/codehaus/plexus/plexus/2.0.5/plexus-2.0.5.pom
2024-10-05 18:05:22,965 [Worker-106: Creating maven-archetype-webapp] INFO  o.e.m.c.i.e.AbstractTransferListenerAdapter - Downloading https://repo.maven.apache.org/maven2/commons-io/commons-io/2.13.0/commons-io-2.13.0.jar
2024-10-05 18:05:23,114 [Worker-106: Creating maven-archetype-webapp] INFO  o.e.m.c.i.e.AbstractTransferListenerAdapter - Downloaded https://repo.maven.apache.org/maven2/commons-io/commons-io/2.13.0/commons-io-2.13.0.jar
2024-10-05 18:05:23,238 [BasicRepositoryConnector-repo.maven.apache.org-1-0] INFO  o.e.m.c.i.e.AbstractTransferListenerAdapter - Downloading https://repo.maven.apache.org/maven2/org/codehaus/plexus/plexus-archiver/4.7.1/plexus-archiver-4.7.1.jar
2024-10-05 18:05:23,292 [BasicRepositoryConnector-repo.maven.apache.org-1-0] INFO  o.e.m.c.i.e.AbstractTransferListenerAdapter - Downloaded https://repo.maven.apache.org/maven2/org/codehaus/plexus/plexus-archiver/4.7.1/plexus-archiver-4.7.1.jar
2024-10-05 18:05:23,416 [BasicRepositoryConnector-repo.maven.apache.org-1-3] INFO  o.e.m.c.i.e.AbstractTransferListenerAdapter - Downloading https://repo.maven.apache.org/maven2/org/apache/maven/shared/maven-mapping/3.0.0/maven-mapping-3.0.0.jar
2024-10-05 18:05:23,416 [BasicRepositoryConnector-repo.maven.apache.org-1-2] INFO  o.e.m.c.i.e.AbstractTransferListenerAdapter - Downloading https://repo.maven.apache.org/maven2/com/github/luben/zstd-jni/1.5.5-2/zstd-jni-1.5.5-2.jar
2024-10-05 18:05:23,416 [BasicRepositoryConnector-repo.maven.apache.org-1-4] INFO  o.e.m.c.i.e.AbstractTransferListenerAdapter - Downloading https://repo.maven.apache.org/maven2/org/apache/maven/maven-core/3.0/maven-core-3.0.jar
2024-10-05 18:05:23,419 [BasicRepositoryConnector-repo.maven.apache.org-1-1] INFO  o.e.m.c.i.e.AbstractTransferListenerAdapter - Downloading https://repo.maven.apache.org/maven2/org/apache/commons/commons-compress/1.23.0/commons-compress-1.23.0.jar
2024-10-05 18:05:23,419 [BasicRepositoryConnector-repo.maven.apache.org-1-0] INFO  o.e.m.c.i.e.AbstractTransferListenerAdapter - Downloading https://repo.maven.apache.org/maven2/org/apache/maven/maven-model/3.0/maven-model-3.0.jar
2024-10-05 18:05:23,479 [BasicRepositoryConnector-repo.maven.apache.org-1-0] INFO  o.e.m.c.i.e.AbstractTransferListenerAdapter - Downloaded https://repo.maven.apache.org/maven2/org/apache/maven/maven-model/3.0/maven-model-3.0.jar
2024-10-05 18:05:23,575 [BasicRepositoryConnector-repo.maven.apache.org-1-3] INFO  o.e.m.c.i.e.AbstractTransferListenerAdapter - Downloaded https://repo.maven.apache.org/maven2/org/apache/maven/shared/maven-mapping/3.0.0/maven-mapping-3.0.0.jar
2024-10-05 18:05:23,604 [BasicRepositoryConnector-repo.maven.apache.org-1-0] INFO  o.e.m.c.i.e.AbstractTransferListenerAdapter - Downloading https://repo.maven.apache.org/maven2/org/apache/maven/maven-settings-builder/3.0/maven-settings-builder-3.0.jar
2024-10-05 18:05:23,689 [BasicRepositoryConnector-repo.maven.apache.org-1-3] INFO  o.e.m.c.i.e.AbstractTransferListenerAdapter - Downloading https://repo.maven.apache.org/maven2/org/apache/maven/maven-artifact/3.0/maven-artifact-3.0.jar
2024-10-05 18:05:23,835 [BasicRepositoryConnector-repo.maven.apache.org-1-3] INFO  o.e.m.c.i.e.AbstractTransferListenerAdapter - Downloaded https://repo.maven.apache.org/maven2/org/apache/maven/maven-artifact/3.0/maven-artifact-3.0.jar
2024-10-05 18:05:23,963 [BasicRepositoryConnector-repo.maven.apache.org-1-4] INFO  o.e.m.c.i.e.AbstractTransferListenerAdapter - Downloaded https://repo.maven.apache.org/maven2/org/apache/maven/maven-core/3.0/maven-core-3.0.jar
2024-10-05 18:05:23,970 [BasicRepositoryConnector-repo.maven.apache.org-1-3] INFO  o.e.m.c.i.e.AbstractTransferListenerAdapter - Downloading https://repo.maven.apache.org/maven2/org/apache/maven/maven-plugin-api/3.0/maven-plugin-api-3.0.jar
2024-10-05 18:05:24,067 [BasicRepositoryConnector-repo.maven.apache.org-1-4] INFO  o.e.m.c.i.e.AbstractTransferListenerAdapter - Downloading https://repo.maven.apache.org/maven2/org/sonatype/aether/aether-impl/1.7/aether-impl-1.7.jar
2024-10-05 18:05:24,125 [BasicRepositoryConnector-repo.maven.apache.org-1-0] INFO  o.e.m.c.i.e.AbstractTransferListenerAdapter - Downloaded https://repo.maven.apache.org/maven2/org/apache/maven/maven-settings-builder/3.0/maven-settings-builder-3.0.jar
2024-10-05 18:05:24,132 [BasicRepositoryConnector-repo.maven.apache.org-1-4] INFO  o.e.m.c.i.e.AbstractTransferListenerAdapter - Downloaded https://repo.maven.apache.org/maven2/org/sonatype/aether/aether-impl/1.7/aether-impl-1.7.jar
2024-10-05 18:05:24,189 [BasicRepositoryConnector-repo.maven.apache.org-1-0] INFO  o.e.m.c.i.e.AbstractTransferListenerAdapter - Downloading https://repo.maven.apache.org/maven2/org/sonatype/aether/aether-spi/1.7/aether-spi-1.7.jar
2024-10-05 18:05:24,195 [BasicRepositoryConnector-repo.maven.apache.org-1-1] INFO  o.e.m.c.i.e.AbstractTransferListenerAdapter - Downloaded https://repo.maven.apache.org/maven2/org/apache/commons/commons-compress/1.23.0/commons-compress-1.23.0.jar
2024-10-05 18:05:24,229 [BasicRepositoryConnector-repo.maven.apache.org-1-4] INFO  o.e.m.c.i.e.AbstractTransferListenerAdapter - Downloading https://repo.maven.apache.org/maven2/org/sonatype/aether/aether-api/1.7/aether-api-1.7.jar
2024-10-05 18:05:24,360 [BasicRepositoryConnector-repo.maven.apache.org-1-4] INFO  o.e.m.c.i.e.AbstractTransferListenerAdapter - Downloaded https://repo.maven.apache.org/maven2/org/sonatype/aether/aether-api/1.7/aether-api-1.7.jar
2024-10-05 18:05:24,424 [BasicRepositoryConnector-repo.maven.apache.org-1-0] INFO  o.e.m.c.i.e.AbstractTransferListenerAdapter - Downloaded https://repo.maven.apache.org/maven2/org/sonatype/aether/aether-spi/1.7/aether-spi-1.7.jar
2024-10-05 18:05:24,462 [BasicRepositoryConnector-repo.maven.apache.org-1-3] INFO  o.e.m.c.i.e.AbstractTransferListenerAdapter - Downloaded https://repo.maven.apache.org/maven2/org/apache/maven/maven-plugin-api/3.0/maven-plugin-api-3.0.jar
2024-10-05 18:05:26,925 [BasicRepositoryConnector-repo.maven.apache.org-1-2] INFO  o.e.m.c.i.e.AbstractTransferListenerAdapter - Downloaded https://repo.maven.apache.org/maven2/com/github/luben/zstd-jni/1.5.5-2/zstd-jni-1.5.5-2.jar
2024-10-05 18:05:27,822 [Worker-106: Creating maven-archetype-webapp] INFO  o.e.m.j.i.AbstractJavaProjectConfigurator - Adding source folder /import_class_from_into_JSP_file/src/main/java
2024-10-05 18:05:27,825 [Worker-106: Creating maven-archetype-webapp] INFO  o.e.m.j.i.AbstractJavaProjectConfigurator - Adding resource folder /import_class_from_into_JSP_file/src/main/resources
2024-10-05 18:05:27,826 [Worker-106: Creating maven-archetype-webapp] INFO  o.e.m.j.i.AbstractJavaProjectConfigurator - Adding source folder /import_class_from_into_JSP_file/src/test/java
2024-10-05 18:05:27,826 [Worker-106: Creating maven-archetype-webapp] INFO  o.e.m.j.i.AbstractJavaProjectConfigurator - Adding resource folder /import_class_from_into_JSP_file/src/test/resources
2024-10-05 18:05:28,228 [Worker-106: Creating maven-archetype-webapp] INFO  o.e.m.c.i.e.AbstractTransferListenerAdapter - Downloading https://repo.maven.apache.org/maven2/org/apache/maven/plugins/maven-clean-plugin/3.4.0/maven-clean-plugin-3.4.0.pom
2024-10-05 18:05:28,286 [Worker-106: Creating maven-archetype-webapp] INFO  o.e.m.c.i.e.AbstractTransferListenerAdapter - Downloaded https://repo.maven.apache.org/maven2/org/apache/maven/plugins/maven-clean-plugin/3.4.0/maven-clean-plugin-3.4.0.pom
2024-10-05 18:05:28,344 [Worker-106: Creating maven-archetype-webapp] INFO  o.e.m.c.i.p.ProjectConfigurationManager - Imported and configured 1 project(s) in 12 sec
2024-10-05 18:05:28,900 [Worker-111: Download sources and javadoc] INFO  o.e.m.c.i.e.AbstractTransferListenerAdapter - Downloading https://repo.maven.apache.org/maven2/junit/junit/4.13.1/junit-4.13.1-sources.jar
2024-10-05 18:05:28,954 [Worker-106: Building] INFO  o.a.m.s.f.DefaultMavenResourcesFiltering - skip non existing resourceDirectory D:\Learning-Projects\import_class_from_into_JSP_file\src\main\resources
2024-10-05 18:05:28,959 [Worker-106: Building] INFO  o.a.m.s.f.DefaultMavenResourcesFiltering - skip non existing resourceDirectory D:\Learning-Projects\import_class_from_into_JSP_file\src\test\resources
2024-10-05 18:05:29,196 [Worker-111: Download sources and javadoc] INFO  o.e.m.c.i.e.AbstractTransferListenerAdapter - Downloaded https://repo.maven.apache.org/maven2/junit/junit/4.13.1/junit-4.13.1-sources.jar
2024-10-05 18:05:29,203 [Worker-111: Download sources and javadoc] INFO  o.e.m.j.internal.DownloadSourcesJob - Downloaded sources for junit:junit:4.13.1
2024-10-05 18:05:29,522 [Worker-111: Download sources and javadoc] INFO  o.e.m.c.i.e.AbstractTransferListenerAdapter - Downloading https://repo.maven.apache.org/maven2/org/hamcrest/hamcrest-core/1.3/hamcrest-core-1.3-sources.jar
2024-10-05 18:05:29,651 [Worker-113: Building] INFO  o.a.m.s.f.DefaultMavenResourcesFiltering - skip non existing resourceDirectory D:\Learning-Projects\import_class_from_into_JSP_file\src\main\resources
2024-10-05 18:05:29,653 [Worker-113: Building] INFO  o.a.m.s.f.DefaultMavenResourcesFiltering - skip non existing resourceDirectory D:\Learning-Projects\import_class_from_into_JSP_file\src\test\resources
2024-10-05 18:05:30,211 [Worker-111: Download sources and javadoc] INFO  o.e.m.c.i.e.AbstractTransferListenerAdapter - Downloaded https://repo.maven.apache.org/maven2/org/hamcrest/hamcrest-core/1.3/hamcrest-core-1.3-sources.jar
2024-10-05 18:05:30,215 [Worker-111: Download sources and javadoc] INFO  o.e.m.j.internal.DownloadSourcesJob - Downloaded sources for org.hamcrest:hamcrest-core:1.3
